# JRE version: OpenJDK Runtime Environment (8.0_112-b06) (build 1.8.0_112-release-b06)
# Java VM: OpenJDK 64-Bit Server VM (25.112-b06 mixed mode windows-amd64 compressed oops)
Heap:
 PSYoungGen      total 59904K, used 31350K [0x00000006c0000000, 0x00000006c5380000, 0x00000007c0000000)
  eden space 39424K, 55% used [0x00000006c0000000,0x00000006c158c770,0x00000006c2680000)
  from space 20480K, 45% used [0x00000006c2680000,0x00000006c2f91220,0x00000006c3a80000)
  to   space 21504K, 0% used [0x00000006c3a80000,0x00000006c3a80000,0x00000006c4f80000)
 ParOldGen       total 68096K, used 14284K [0x00000004c0000000, 0x00000004c4280000, 0x00000006c0000000)
  object space 68096K, 20% used [0x00000004c0000000,0x00000004c0df32a8,0x00000004c4280000)
 Metaspace       used 4632K, capacity 5424K, committed 5632K, reserved 1056768K
  class space    used 479K, capacity 488K, committed 512K, reserved 1048576K
GC Heap History (10 events):
Event: 1.049 GC heap before
{Heap before GC invocations=5 (full 1):
 PSYoungGen      total 18944K, used 16512K [0x00000006c0000000, 0x00000006c1980000, 0x00000007c0000000)
  eden space 16384K, 100% used [0x00000006c0000000,0x00000006c1000000,0x00000006c1000000)
  from space 2560K, 5% used [0x00000006c1000000,0x00000006c1020000,0x00000006c1280000)
  to   space 2560K, 0% used [0x00000006c1700000,0x00000006c1700000,0x00000006c1980000)
 ParOldGen       total 68096K, used 13819K [0x00000004c0000000, 0x00000004c4280000, 0x00000006c0000000)
  object space 68096K, 20% used [0x00000004c0000000,0x00000004c0d7ec20,0x00000004c4280000)
 Metaspace       used 3886K, capacity 5008K, committed 5120K, reserved 1056768K
  class space    used 403K, capacity 456K, committed 512K, reserved 1048576K
Event: 1.050 GC heap after
Heap after GC invocations=5 (full 1):
 PSYoungGen      total 23552K, used 608K [0x00000006c0000000, 0x00000006c1980000, 0x00000007c0000000)
  eden space 20992K, 0% used [0x00000006c0000000,0x00000006c0000000,0x00000006c1480000)
  from space 2560K, 23% used [0x00000006c1700000,0x00000006c1798000,0x00000006c1980000)
  to   space 2560K, 0% used [0x00000006c1480000,0x00000006c1480000,0x00000006c1700000)
 ParOldGen       total 68096K, used 13827K [0x00000004c0000000, 0x00000004c4280000, 0x00000006c0000000)
  object space 68096K, 20% used [0x00000004c0000000,0x00000004c0d80c20,0x00000004c4280000)
 Metaspace       used 3886K, capacity 5008K, committed 5120K, reserved 1056768K
  class space    used 403K, capacity 456K, committed 512K, reserved 1048576K
}
Event: 1.805 GC heap before
{Heap before GC invocations=6 (full 1):
 PSYoungGen      total 23552K, used 21600K [0x00000006c0000000, 0x00000006c1980000, 0x00000007c0000000)
  eden space 20992K, 100% used [0x00000006c0000000,0x00000006c1480000,0x00000006c1480000)
  from space 2560K, 23% used [0x00000006c1700000,0x00000006c1798000,0x00000006c1980000)
  to   space 2560K, 0% used [0x00000006c1480000,0x00000006c1480000,0x00000006c1700000)
 ParOldGen       total 68096K, used 13827K [0x00000004c0000000, 0x00000004c4280000, 0x00000006c0000000)
  object space 68096K, 20% used [0x00000004c0000000,0x00000004c0d80c20,0x00000004c4280000)
 Metaspace       used 4348K, capacity 5424K, committed 5632K, reserved 1056768K
  class space    used 449K, capacity 488K, committed 512K, reserved 1048576K
Event: 1.812 GC heap after
Heap after GC invocations=6 (full 1):
 PSYoungGen      total 23552K, used 2544K [0x00000006c0000000, 0x00000006c4a80000, 0x00000007c0000000)
  eden space 20992K, 0% used [0x00000006c0000000,0x00000006c0000000,0x00000006c1480000)
  from space 2560K, 99% used [0x00000006c1480000,0x00000006c16fc330,0x00000006c1700000)
  to   space 25088K, 0% used [0x00000006c3200000,0x00000006c3200000,0x00000006c4a80000)
 ParOldGen       total 68096K, used 14012K [0x00000004c0000000, 0x00000004c4280000, 0x00000006c0000000)
  object space 68096K, 20% used [0x00000004c0000000,0x00000004c0daf290,0x00000004c4280000)
 Metaspace       used 4348K, capacity 5424K, committed 5632K, reserved 1056768K
  class space    used 449K, capacity 488K, committed 512K, reserved 1048576K
}
Event: 1.881 GC heap before
{Heap before GC invocations=7 (full 1):
 PSYoungGen      total 23552K, used 23536K [0x00000006c0000000, 0x00000006c4a80000, 0x00000007c0000000)
  eden space 20992K, 100% used [0x00000006c0000000,0x00000006c1480000,0x00000006c1480000)
  from space 2560K, 99% used [0x00000006c1480000,0x00000006c16fc330,0x00000006c1700000)
  to   space 25088K, 0% used [0x00000006c3200000,0x00000006c3200000,0x00000006c4a80000)
 ParOldGen       total 68096K, used 14012K [0x00000004c0000000, 0x00000004c4280000, 0x00000006c0000000)
  object space 68096K, 20% used [0x00000004c0000000,0x00000004c0daf290,0x00000004c4280000)
 Metaspace       used 4365K, capacity 5424K, committed 5632K, reserved 1056768K
  class space    used 449K, capacity 488K, committed 512K, reserved 1048576K
Event: 1.885 GC heap after
Heap after GC invocations=7 (full 1):
 PSYoungGen      total 51200K, used 2768K [0x00000006c0000000, 0x00000006c4880000, 0x00000007c0000000)
  eden space 28160K, 0% used [0x00000006c0000000,0x00000006c0000000,0x00000006c1b80000)
  from space 23040K, 12% used [0x00000006c3200000,0x00000006c34b4348,0x00000006c4880000)
  to   space 23040K, 0% used [0x00000006c1b80000,0x00000006c1b80000,0x00000006c3200000)
 ParOldGen       total 68096K, used 14012K [0x00000004c0000000, 0x00000004c4280000, 0x00000006c0000000)
  object space 68096K, 20% used [0x00000004c0000000,0x00000004c0daf290,0x00000004c4280000)
 Metaspace       used 4365K, capacity 5424K, committed 5632K, reserved 1056768K
  class space    used 449K, capacity 488K, committed 512K, reserved 1048576K
}
Event: 2.113 GC heap before
{Heap before GC invocations=8 (full 1):
 PSYoungGen      total 51200K, used 30928K [0x00000006c0000000, 0x00000006c4880000, 0x00000007c0000000)
  eden space 28160K, 100% used [0x00000006c0000000,0x00000006c1b80000,0x00000006c1b80000)
  from space 23040K, 12% used [0x00000006c3200000,0x00000006c34b4348,0x00000006c4880000)
  to   space 23040K, 0% used [0x00000006c1b80000,0x00000006c1b80000,0x00000006c3200000)
 ParOldGen       total 68096K, used 14012K [0x00000004c0000000, 0x00000004c4280000, 0x00000006c0000000)
  object space 68096K, 20% used [0x00000004c0000000,0x00000004c0daf290,0x00000004c4280000)
 Metaspace       used 4618K, capacity 5424K, committed 5632K, reserved 1056768K
  class space    used 478K, capacity 488K, committed 512K, reserved 1048576K
Event: 2.120 GC heap after
Heap after GC invocations=8 (full 1):
 PSYoungGen      total 51200K, used 7460K [0x00000006c0000000, 0x00000006c4f80000, 0x00000007c0000000)
  eden space 28160K, 0% used [0x00000006c0000000,0x00000006c0000000,0x00000006c1b80000)
  from space 23040K, 32% used [0x00000006c1b80000,0x00000006c22c91e0,0x00000006c3200000)
  to   space 21504K, 0% used [0x00000006c3a80000,0x00000006c3a80000,0x00000006c4f80000)
 ParOldGen       total 68096K, used 14020K [0x00000004c0000000, 0x00000004c4280000, 0x00000006c0000000)
  object space 68096K, 20% used [0x00000004c0000000,0x00000004c0db1290,0x00000004c4280000)
 Metaspace       used 4618K, capacity 5424K, committed 5632K, reserved 1056768K
  class space    used 478K, capacity 488K, committed 512K, reserved 1048576K
}
Event: 2.169 GC heap before
{Heap before GC invocations=9 (full 1):
 PSYoungGen      total 51200K, used 35620K [0x00000006c0000000, 0x00000006c4f80000, 0x00000007c0000000)
  eden space 28160K, 100% used [0x00000006c0000000,0x00000006c1b80000,0x00000006c1b80000)
  from space 23040K, 32% used [0x00000006c1b80000,0x00000006c22c91e0,0x00000006c3200000)
  to   space 21504K, 0% used [0x00000006c3a80000,0x00000006c3a80000,0x00000006c4f80000)
 ParOldGen       total 68096K, used 14020K [0x00000004c0000000, 0x00000004c4280000, 0x00000006c0000000)
  object space 68096K, 20% used [0x00000004c0000000,0x00000004c0db1290,0x00000004c4280000)
 Metaspace       used 4619K, capacity 5424K, committed 5632K, reserved 1056768K
  class space    used 478K, capacity 488K, committed 512K, reserved 1048576K
Event: 2.179 GC heap after
Heap after GC invocations=9 (full 1):
 PSYoungGen      total 60928K, used 7748K [0x00000006c0000000, 0x00000006c5380000, 0x00000007c0000000)
  eden space 39424K, 0% used [0x00000006c0000000,0x00000006c0000000,0x00000006c2680000)
  from space 21504K, 36% used [0x00000006c3a80000,0x00000006c42111f0,0x00000006c4f80000)
  to   space 20480K, 0% used [0x00000006c2680000,0x00000006c2680000,0x00000006c3a80000)
 ParOldGen       total 68096K, used 14020K [0x00000004c0000000, 0x00000004c4280000, 0x00000006c0000000)
  object space 68096K, 20% used [0x00000004c0000000,0x00000004c0db1290,0x00000004c4280000)
 Metaspace       used 4619K, capacity 5424K, committed 5632K, reserved 1056768K
  class space    used 478K, capacity 488K, committed 512K, reserved 1048576K
}

