# JRE version: OpenJDK Runtime Environment (8.0_112-b06) (build 1.8.0_112-release-b06)
# Java VM: OpenJDK 64-Bit Server VM (25.112-b06 mixed mode windows-amd64 compressed oops)
Heap:
 PSYoungGen      total 35328K, used 4059K [0x00000006c0000000, 0x00000006c2500000, 0x00000007c0000000)
  eden space 32768K, 4% used [0x00000006c0000000,0x00000006c017e638,0x00000006c2000000)
  from space 2560K, 98% used [0x00000006c2280000,0x00000006c24f8790,0x00000006c2500000)
  to   space 2560K, 0% used [0x00000006c2000000,0x00000006c2000000,0x00000006c2280000)
 ParOldGen       total 44032K, used 9774K [0x00000004c0000000, 0x00000004c2b00000, 0x00000006c0000000)
  object space 44032K, 22% used [0x00000004c0000000,0x00000004c098bb70,0x00000004c2b00000)
 Metaspace       used 6031K, capacity 7088K, committed 7296K, reserved 1056768K
  class space    used 563K, capacity 616K, committed 640K, reserved 1048576K
GC Heap History (8 events):
Event: 2.313 GC heap before
{Heap before GC invocations=1 (full 0):
 PSYoungGen      total 18944K, used 16384K [0x00000006c0000000, 0x00000006c1500000, 0x00000007c0000000)
  eden space 16384K, 100% used [0x00000006c0000000,0x00000006c1000000,0x00000006c1000000)
  from space 2560K, 0% used [0x00000006c1280000,0x00000006c1280000,0x00000006c1500000)
  to   space 2560K, 0% used [0x00000006c1000000,0x00000006c1000000,0x00000006c1280000)
 ParOldGen       total 44032K, used 0K [0x00000004c0000000, 0x00000004c2b00000, 0x00000006c0000000)
  object space 44032K, 0% used [0x00000004c0000000,0x00000004c0000000,0x00000004c2b00000)
 Metaspace       used 5545K, capacity 6704K, committed 6784K, reserved 1056768K
  class space    used 554K, capacity 616K, committed 640K, reserved 1048576K
Event: 2.340 GC heap after
Heap after GC invocations=1 (full 0):
 PSYoungGen      total 18944K, used 2548K [0x00000006c0000000, 0x00000006c1500000, 0x00000007c0000000)
  eden space 16384K, 0% used [0x00000006c0000000,0x00000006c0000000,0x00000006c1000000)
  from space 2560K, 99% used [0x00000006c1000000,0x00000006c127d3d0,0x00000006c1280000)
  to   space 2560K, 0% used [0x00000006c1280000,0x00000006c1280000,0x00000006c1500000)
 ParOldGen       total 44032K, used 2424K [0x00000004c0000000, 0x00000004c2b00000, 0x00000006c0000000)
  object space 44032K, 5% used [0x00000004c0000000,0x00000004c025e078,0x00000004c2b00000)
 Metaspace       used 5545K, capacity 6704K, committed 6784K, reserved 1056768K
  class space    used 554K, capacity 616K, committed 640K, reserved 1048576K
}
Event: 2.762 GC heap before
{Heap before GC invocations=2 (full 0):
 PSYoungGen      total 18944K, used 18932K [0x00000006c0000000, 0x00000006c1500000, 0x00000007c0000000)
  eden space 16384K, 100% used [0x00000006c0000000,0x00000006c1000000,0x00000006c1000000)
  from space 2560K, 99% used [0x00000006c1000000,0x00000006c127d3d0,0x00000006c1280000)
  to   space 2560K, 0% used [0x00000006c1280000,0x00000006c1280000,0x00000006c1500000)
 ParOldGen       total 44032K, used 2424K [0x00000004c0000000, 0x00000004c2b00000, 0x00000006c0000000)
  object space 44032K, 5% used [0x00000004c0000000,0x00000004c025e078,0x00000004c2b00000)
 Metaspace       used 5768K, capacity 6896K, committed 7040K, reserved 1056768K
  class space    used 556K, capacity 616K, committed 640K, reserved 1048576K
Event: 2.772 GC heap after
Heap after GC invocations=2 (full 0):
 PSYoungGen      total 18944K, used 2530K [0x00000006c0000000, 0x00000006c2500000, 0x00000007c0000000)
  eden space 16384K, 0% used [0x00000006c0000000,0x00000006c0000000,0x00000006c1000000)
  from space 2560K, 98% used [0x00000006c1280000,0x00000006c14f8a38,0x00000006c1500000)
  to   space 2560K, 0% used [0x00000006c1000000,0x00000006c1000000,0x00000006c1280000)
 ParOldGen       total 44032K, used 3584K [0x00000004c0000000, 0x00000004c2b00000, 0x00000006c0000000)
  object space 44032K, 8% used [0x00000004c0000000,0x00000004c0380078,0x00000004c2b00000)
 Metaspace       used 5768K, capacity 6896K, committed 7040K, reserved 1056768K
  class space    used 556K, capacity 616K, committed 640K, reserved 1048576K
}
Event: 4.346 GC heap before
{Heap before GC invocations=3 (full 0):
 PSYoungGen      total 18944K, used 18914K [0x00000006c0000000, 0x00000006c2500000, 0x00000007c0000000)
  eden space 16384K, 100% used [0x00000006c0000000,0x00000006c1000000,0x00000006c1000000)
  from space 2560K, 98% used [0x00000006c1280000,0x00000006c14f8a38,0x00000006c1500000)
  to   space 2560K, 0% used [0x00000006c1000000,0x00000006c1000000,0x00000006c1280000)
 ParOldGen       total 44032K, used 3584K [0x00000004c0000000, 0x00000004c2b00000, 0x00000006c0000000)
  object space 44032K, 8% used [0x00000004c0000000,0x00000004c0380078,0x00000004c2b00000)
 Metaspace       used 5965K, capacity 7088K, committed 7296K, reserved 1056768K
  class space    used 560K, capacity 616K, committed 640K, reserved 1048576K
Event: 4.359 GC heap after
Heap after GC invocations=3 (full 0):
 PSYoungGen      total 18944K, used 2545K [0x00000006c0000000, 0x00000006c2500000, 0x00000007c0000000)
  eden space 16384K, 0% used [0x00000006c0000000,0x00000006c0000000,0x00000006c1000000)
  from space 2560K, 99% used [0x00000006c1000000,0x00000006c127c7a0,0x00000006c1280000)
  to   space 2560K, 0% used [0x00000006c2280000,0x00000006c2280000,0x00000006c2500000)
 ParOldGen       total 44032K, used 6868K [0x00000004c0000000, 0x00000004c2b00000, 0x00000006c0000000)
  object space 44032K, 15% used [0x00000004c0000000,0x00000004c06b5150,0x00000004c2b00000)
 Metaspace       used 5965K, capacity 7088K, committed 7296K, reserved 1056768K
  class space    used 560K, capacity 616K, committed 640K, reserved 1048576K
}
Event: 4.959 GC heap before
{Heap before GC invocations=4 (full 0):
 PSYoungGen      total 18944K, used 18929K [0x00000006c0000000, 0x00000006c2500000, 0x00000007c0000000)
  eden space 16384K, 100% used [0x00000006c0000000,0x00000006c1000000,0x00000006c1000000)
  from space 2560K, 99% used [0x00000006c1000000,0x00000006c127c7a0,0x00000006c1280000)
  to   space 2560K, 0% used [0x00000006c2280000,0x00000006c2280000,0x00000006c2500000)
 ParOldGen       total 44032K, used 6868K [0x00000004c0000000, 0x00000004c2b00000, 0x00000006c0000000)
  object space 44032K, 15% used [0x00000004c0000000,0x00000004c06b5150,0x00000004c2b00000)
 Metaspace       used 6029K, capacity 7088K, committed 7296K, reserved 1056768K
  class space    used 563K, capacity 616K, committed 640K, reserved 1048576K
Event: 4.971 GC heap after
Heap after GC invocations=4 (full 0):
 PSYoungGen      total 35328K, used 2529K [0x00000006c0000000, 0x00000006c2500000, 0x00000007c0000000)
  eden space 32768K, 0% used [0x00000006c0000000,0x00000006c0000000,0x00000006c2000000)
  from space 2560K, 98% used [0x00000006c2280000,0x00000006c24f8790,0x00000006c2500000)
  to   space 2560K, 0% used [0x00000006c2000000,0x00000006c2000000,0x00000006c2280000)
 ParOldGen       total 44032K, used 9774K [0x00000004c0000000, 0x00000004c2b00000, 0x00000006c0000000)
  object space 44032K, 22% used [0x00000004c0000000,0x00000004c098bb70,0x00000004c2b00000)
 Metaspace       used 6029K, capacity 7088K, committed 7296K, reserved 1056768K
  class space    used 563K, capacity 616K, committed 640K, reserved 1048576K
}

