# JRE version: OpenJDK Runtime Environment (8.0_112-b06) (build 1.8.0_112-release-b06)
# Java VM: OpenJDK 64-Bit Server VM (25.112-b06 mixed mode windows-amd64 compressed oops)
Heap:
 PSYoungGen      total 18944K, used 8427K [0x00000006c0000000, 0x00000006c1500000, 0x00000007c0000000)
  eden space 16384K, 35% used [0x00000006c0000000,0x00000006c05be500,0x00000006c1000000)
  from space 2560K, 99% used [0x00000006c1280000,0x00000006c14fc9f0,0x00000006c1500000)
  to   space 2560K, 0% used [0x00000006c1000000,0x00000006c1000000,0x00000006c1280000)
 ParOldGen       total 44032K, used 9587K [0x00000004c0000000, 0x00000004c2b00000, 0x00000006c0000000)
  object space 44032K, 21% used [0x00000004c0000000,0x00000004c095cde8,0x00000004c2b00000)
 Metaspace       used 6026K, capacity 7088K, committed 7296K, reserved 1056768K
  class space    used 562K, capacity 616K, committed 640K, reserved 1048576K
GC Heap History (8 events):
Event: 2.034 GC heap before
{Heap before GC invocations=1 (full 0):
 PSYoungGen      total 18944K, used 16384K [0x00000006c0000000, 0x00000006c1500000, 0x00000007c0000000)
  eden space 16384K, 100% used [0x00000006c0000000,0x00000006c1000000,0x00000006c1000000)
  from space 2560K, 0% used [0x00000006c1280000,0x00000006c1280000,0x00000006c1500000)
  to   space 2560K, 0% used [0x00000006c1000000,0x00000006c1000000,0x00000006c1280000)
 ParOldGen       total 44032K, used 0K [0x00000004c0000000, 0x00000004c2b00000, 0x00000006c0000000)
  object space 44032K, 0% used [0x00000004c0000000,0x00000004c0000000,0x00000004c2b00000)
 Metaspace       used 5483K, capacity 6704K, committed 6784K, reserved 1056768K
  class space    used 553K, capacity 616K, committed 640K, reserved 1048576K
Event: 2.043 GC heap after
Heap after GC invocations=1 (full 0):
 PSYoungGen      total 18944K, used 2538K [0x00000006c0000000, 0x00000006c1500000, 0x00000007c0000000)
  eden space 16384K, 0% used [0x00000006c0000000,0x00000006c0000000,0x00000006c1000000)
  from space 2560K, 99% used [0x00000006c1000000,0x00000006c127ab88,0x00000006c1280000)
  to   space 2560K, 0% used [0x00000006c1280000,0x00000006c1280000,0x00000006c1500000)
 ParOldGen       total 44032K, used 2349K [0x00000004c0000000, 0x00000004c2b00000, 0x00000006c0000000)
  object space 44032K, 5% used [0x00000004c0000000,0x00000004c024b4d8,0x00000004c2b00000)
 Metaspace       used 5483K, capacity 6704K, committed 6784K, reserved 1056768K
  class space    used 553K, capacity 616K, committed 640K, reserved 1048576K
}
Event: 2.547 GC heap before
{Heap before GC invocations=2 (full 0):
 PSYoungGen      total 18944K, used 18922K [0x00000006c0000000, 0x00000006c1500000, 0x00000007c0000000)
  eden space 16384K, 100% used [0x00000006c0000000,0x00000006c1000000,0x00000006c1000000)
  from space 2560K, 99% used [0x00000006c1000000,0x00000006c127ab88,0x00000006c1280000)
  to   space 2560K, 0% used [0x00000006c1280000,0x00000006c1280000,0x00000006c1500000)
 ParOldGen       total 44032K, used 2349K [0x00000004c0000000, 0x00000004c2b00000, 0x00000006c0000000)
  object space 44032K, 5% used [0x00000004c0000000,0x00000004c024b4d8,0x00000004c2b00000)
 Metaspace       used 5750K, capacity 6896K, committed 7040K, reserved 1056768K
  class space    used 554K, capacity 616K, committed 640K, reserved 1048576K
Event: 2.555 GC heap after
Heap after GC invocations=2 (full 0):
 PSYoungGen      total 18944K, used 2544K [0x00000006c0000000, 0x00000006c1500000, 0x00000007c0000000)
  eden space 16384K, 0% used [0x00000006c0000000,0x00000006c0000000,0x00000006c1000000)
  from space 2560K, 99% used [0x00000006c1280000,0x00000006c14fc210,0x00000006c1500000)
  to   space 2560K, 0% used [0x00000006c1000000,0x00000006c1000000,0x00000006c1280000)
 ParOldGen       total 44032K, used 3369K [0x00000004c0000000, 0x00000004c2b00000, 0x00000006c0000000)
  object space 44032K, 7% used [0x00000004c0000000,0x00000004c034a590,0x00000004c2b00000)
 Metaspace       used 5750K, capacity 6896K, committed 7040K, reserved 1056768K
  class space    used 554K, capacity 616K, committed 640K, reserved 1048576K
}
Event: 3.592 GC heap before
{Heap before GC invocations=3 (full 0):
 PSYoungGen      total 18944K, used 18928K [0x00000006c0000000, 0x00000006c1500000, 0x00000007c0000000)
  eden space 16384K, 100% used [0x00000006c0000000,0x00000006c1000000,0x00000006c1000000)
  from space 2560K, 99% used [0x00000006c1280000,0x00000006c14fc210,0x00000006c1500000)
  to   space 2560K, 0% used [0x00000006c1000000,0x00000006c1000000,0x00000006c1280000)
 ParOldGen       total 44032K, used 3369K [0x00000004c0000000, 0x00000004c2b00000, 0x00000006c0000000)
  object space 44032K, 7% used [0x00000004c0000000,0x00000004c034a590,0x00000004c2b00000)
 Metaspace       used 5955K, capacity 7088K, committed 7296K, reserved 1056768K
  class space    used 559K, capacity 616K, committed 640K, reserved 1048576K
Event: 3.605 GC heap after
Heap after GC invocations=3 (full 0):
 PSYoungGen      total 18944K, used 2532K [0x00000006c0000000, 0x00000006c1500000, 0x00000007c0000000)
  eden space 16384K, 0% used [0x00000006c0000000,0x00000006c0000000,0x00000006c1000000)
  from space 2560K, 98% used [0x00000006c1000000,0x00000006c1279098,0x00000006c1280000)
  to   space 2560K, 0% used [0x00000006c1280000,0x00000006c1280000,0x00000006c1500000)
 ParOldGen       total 44032K, used 6734K [0x00000004c0000000, 0x00000004c2b00000, 0x00000006c0000000)
  object space 44032K, 15% used [0x00000004c0000000,0x00000004c06939a8,0x00000004c2b00000)
 Metaspace       used 5955K, capacity 7088K, committed 7296K, reserved 1056768K
  class space    used 559K, capacity 616K, committed 640K, reserved 1048576K
}
Event: 3.877 GC heap before
{Heap before GC invocations=4 (full 0):
 PSYoungGen      total 18944K, used 18916K [0x00000006c0000000, 0x00000006c1500000, 0x00000007c0000000)
  eden space 16384K, 100% used [0x00000006c0000000,0x00000006c1000000,0x00000006c1000000)
  from space 2560K, 98% used [0x00000006c1000000,0x00000006c1279098,0x00000006c1280000)
  to   space 2560K, 0% used [0x00000006c1280000,0x00000006c1280000,0x00000006c1500000)
 ParOldGen       total 44032K, used 6734K [0x00000004c0000000, 0x00000004c2b00000, 0x00000006c0000000)
  object space 44032K, 15% used [0x00000004c0000000,0x00000004c06939a8,0x00000004c2b00000)
 Metaspace       used 6003K, capacity 7088K, committed 7296K, reserved 1056768K
  class space    used 562K, capacity 616K, committed 640K, reserved 1048576K
Event: 3.893 GC heap after
Heap after GC invocations=4 (full 0):
 PSYoungGen      total 18944K, used 2546K [0x00000006c0000000, 0x00000006c1500000, 0x00000007c0000000)
  eden space 16384K, 0% used [0x00000006c0000000,0x00000006c0000000,0x00000006c1000000)
  from space 2560K, 99% used [0x00000006c1280000,0x00000006c14fc9f0,0x00000006c1500000)
  to   space 2560K, 0% used [0x00000006c1000000,0x00000006c1000000,0x00000006c1280000)
 ParOldGen       total 44032K, used 9587K [0x00000004c0000000, 0x00000004c2b00000, 0x00000006c0000000)
  object space 44032K, 21% used [0x00000004c0000000,0x00000004c095cde8,0x00000004c2b00000)
 Metaspace       used 6003K, capacity 7088K, committed 7296K, reserved 1056768K
  class space    used 562K, capacity 616K, committed 640K, reserved 1048576K
}

