# JRE version: OpenJDK Runtime Environment (8.0_112-b06) (build 1.8.0_112-release-b06)
# Java VM: OpenJDK 64-Bit Server VM (25.112-b06 mixed mode windows-amd64 compressed oops)
Heap:
 PSYoungGen      total 35328K, used 15436K [0x00000006c0000000, 0x00000006c2500000, 0x00000007c0000000)
  eden space 32768K, 39% used [0x00000006c0000000,0x00000006c0c99440,0x00000006c2000000)
  from space 2560K, 99% used [0x00000006c2000000,0x00000006c2279c00,0x00000006c2280000)
  to   space 2560K, 0% used [0x00000006c2280000,0x00000006c2280000,0x00000006c2500000)
 ParOldGen       total 44032K, used 9465K [0x00000004c0000000, 0x00000004c2b00000, 0x00000006c0000000)
  object space 44032K, 21% used [0x00000004c0000000,0x00000004c093e548,0x00000004c2b00000)
 Metaspace       used 6978K, capacity 7672K, committed 7936K, reserved 1056768K
  class space    used 641K, capacity 688K, committed 768K, reserved 1048576K
GC Heap History (6 events):
Event: 0.512 GC heap before
{Heap before GC invocations=1 (full 0):
 PSYoungGen      total 18944K, used 16384K [0x00000006c0000000, 0x00000006c1500000, 0x00000007c0000000)
  eden space 16384K, 100% used [0x00000006c0000000,0x00000006c1000000,0x00000006c1000000)
  from space 2560K, 0% used [0x00000006c1280000,0x00000006c1280000,0x00000006c1500000)
  to   space 2560K, 0% used [0x00000006c1000000,0x00000006c1000000,0x00000006c1280000)
 ParOldGen       total 44032K, used 0K [0x00000004c0000000, 0x00000004c2b00000, 0x00000006c0000000)
  object space 44032K, 0% used [0x00000004c0000000,0x00000004c0000000,0x00000004c2b00000)
 Metaspace       used 5456K, capacity 6704K, committed 6784K, reserved 1056768K
  class space    used 552K, capacity 616K, committed 640K, reserved 1048576K
Event: 0.521 GC heap after
Heap after GC invocations=1 (full 0):
 PSYoungGen      total 18944K, used 2544K [0x00000006c0000000, 0x00000006c2500000, 0x00000007c0000000)
  eden space 16384K, 0% used [0x00000006c0000000,0x00000006c0000000,0x00000006c1000000)
  from space 2560K, 99% used [0x00000006c1000000,0x00000006c127c200,0x00000006c1280000)
  to   space 2560K, 0% used [0x00000006c2280000,0x00000006c2280000,0x00000006c2500000)
 ParOldGen       total 44032K, used 2429K [0x00000004c0000000, 0x00000004c2b00000, 0x00000006c0000000)
  object space 44032K, 5% used [0x00000004c0000000,0x00000004c025f730,0x00000004c2b00000)
 Metaspace       used 5456K, capacity 6704K, committed 6784K, reserved 1056768K
  class space    used 552K, capacity 616K, committed 640K, reserved 1048576K
}
Event: 0.773 GC heap before
{Heap before GC invocations=2 (full 0):
 PSYoungGen      total 18944K, used 18928K [0x00000006c0000000, 0x00000006c2500000, 0x00000007c0000000)
  eden space 16384K, 100% used [0x00000006c0000000,0x00000006c1000000,0x00000006c1000000)
  from space 2560K, 99% used [0x00000006c1000000,0x00000006c127c200,0x00000006c1280000)
  to   space 2560K, 0% used [0x00000006c2280000,0x00000006c2280000,0x00000006c2500000)
 ParOldGen       total 44032K, used 2429K [0x00000004c0000000, 0x00000004c2b00000, 0x00000006c0000000)
  object space 44032K, 5% used [0x00000004c0000000,0x00000004c025f730,0x00000004c2b00000)
 Metaspace       used 5732K, capacity 6896K, committed 7040K, reserved 1056768K
  class space    used 554K, capacity 616K, committed 640K, reserved 1048576K
Event: 0.779 GC heap after
Heap after GC invocations=2 (full 0):
 PSYoungGen      total 35328K, used 2540K [0x00000006c0000000, 0x00000006c2500000, 0x00000007c0000000)
  eden space 32768K, 0% used [0x00000006c0000000,0x00000006c0000000,0x00000006c2000000)
  from space 2560K, 99% used [0x00000006c2280000,0x00000006c24fb2d0,0x00000006c2500000)
  to   space 2560K, 0% used [0x00000006c2000000,0x00000006c2000000,0x00000006c2280000)
 ParOldGen       total 44032K, used 3417K [0x00000004c0000000, 0x00000004c2b00000, 0x00000006c0000000)
  object space 44032K, 7% used [0x00000004c0000000,0x00000004c0356750,0x00000004c2b00000)
 Metaspace       used 5732K, capacity 6896K, committed 7040K, reserved 1056768K
  class space    used 554K, capacity 616K, committed 640K, reserved 1048576K
}
Event: 1.533 GC heap before
{Heap before GC invocations=3 (full 0):
 PSYoungGen      total 35328K, used 35308K [0x00000006c0000000, 0x00000006c2500000, 0x00000007c0000000)
  eden space 32768K, 100% used [0x00000006c0000000,0x00000006c2000000,0x00000006c2000000)
  from space 2560K, 99% used [0x00000006c2280000,0x00000006c24fb2d0,0x00000006c2500000)
  to   space 2560K, 0% used [0x00000006c2000000,0x00000006c2000000,0x00000006c2280000)
 ParOldGen       total 44032K, used 3417K [0x00000004c0000000, 0x00000004c2b00000, 0x00000006c0000000)
  object space 44032K, 7% used [0x00000004c0000000,0x00000004c0356750,0x00000004c2b00000)
 Metaspace       used 6003K, capacity 7088K, committed 7296K, reserved 1056768K
  class space    used 562K, capacity 616K, committed 640K, reserved 1048576K
Event: 1.551 GC heap after
Heap after GC invocations=3 (full 0):
 PSYoungGen      total 35328K, used 2535K [0x00000006c0000000, 0x00000006c2500000, 0x00000007c0000000)
  eden space 32768K, 0% used [0x00000006c0000000,0x00000006c0000000,0x00000006c2000000)
  from space 2560K, 99% used [0x00000006c2000000,0x00000006c2279c00,0x00000006c2280000)
  to   space 2560K, 0% used [0x00000006c2280000,0x00000006c2280000,0x00000006c2500000)
 ParOldGen       total 44032K, used 9465K [0x00000004c0000000, 0x00000004c2b00000, 0x00000006c0000000)
  object space 44032K, 21% used [0x00000004c0000000,0x00000004c093e548,0x00000004c2b00000)
 Metaspace       used 6003K, capacity 7088K, committed 7296K, reserved 1056768K
  class space    used 562K, capacity 616K, committed 640K, reserved 1048576K
}

